


ARM Macro Assembler    Page 1 


    1 00000000                 PRESERVE8
    2 00000000         
    3 00000000 00000400 
                       Stack_Size
                               EQU              0x00000400
    4 00000000 00000200 
                       Heap_Size
                               EQU              0x00000200
    5 00000000         
    6 00000000                 AREA             STACK, NOINIT, READWRITE, ALIGN
=3
    7 00000000         Stack_Mem
                               SPACE            Stack_Size
    8 00000400         __initial_sp
    9 00000400         
   10 00000400                 AREA             HEAP, NOINIT, READWRITE, ALIGN=
3
   11 00000000         __heap_base
   12 00000000         Heap_Mem
                               SPACE            Heap_Size
   13 00000200         __heap_limit
   14 00000200         
   15 00000200                 AREA             RESET, CODE, READONLY
   16 00000000                 THUMB
   17 00000000         
   18 00000000         ;IMPORT  ||Image$$ARM_LIB_STACKHEAP$$ZI$$Limit||
   19 00000000                 IMPORT           PendSV_Handler
   20 00000000                 IMPORT           SysTick_Handler 
                                                            ;SysTick_Handler
   21 00000000         
   22 00000000                 EXPORT           __Vectors
   23 00000000                 EXPORT           Reset_Handler
   24 00000000         
   25 00000000         __Vectors
   26 00000000 00000000        DCD              __initial_sp
   27 00000004 00000000        DCD              Reset_Handler
   28 00000008 00000000        DCD              0           ; NMI Handler
   29 0000000C 00000000        DCD              0           ; Hard Fault Handle
                                                            r
   30 00000010 00000000        DCD              0           ; MPU Fault Handler
                                                            
   31 00000014 00000000        DCD              0           ; Bus Fault Handler
                                                            
   32 00000018 00000000        DCD              0           ; Usage Fault Handl
                                                            er
   33 0000001C 00000000        DCD              0           ; Reserved
   34 00000020 00000000        DCD              0           ; Reserved
   35 00000024 00000000        DCD              0           ; Reserved
   36 00000028 00000000        DCD              0           ; Reserved
   37 0000002C 00000000        DCD              0           ; SVCall Handler
   38 00000030 00000000        DCD              0           ; Debug Monitor Han
                                                            dler
   39 00000034 00000000        DCD              0           ; Reserved
   40 00000038 00000000        DCD              PendSV_Handler ; PendSV Handler
                                                            
   41 0000003C 00000000        DCD              SysTick_Handler 
                                                            ; SysTick_Handler
   42 00000040         
   43 00000040         ; External Interrupts



ARM Macro Assembler    Page 2 


   44 00000040 00000000        DCD              WDT_BOD_IRQHandler ; Windowed w
                                                            atchdog timer, Brow
                                                            nout detect
   45 00000044 00000000        DCD              DMA0_IRQHandler 
                                                            ; DMA controller
   46 00000048 00000000        DCD              GINT0_IRQHandler ; GPIO group 0
                                                            
   47 0000004C 00000000        DCD              GINT1_IRQHandler ; GPIO group 1
                                                            
   48 00000050 00000000        DCD              PIN_INT0_IRQHandler ; Pin inter
                                                            rupt 0 or pattern m
                                                            atch engine slice 0
                                                            
   49 00000054 00000000        DCD              PIN_INT1_IRQHandler ; Pin inter
                                                            rupt 1or pattern ma
                                                            tch engine slice 1
   50 00000058 00000000        DCD              PIN_INT2_IRQHandler ; Pin inter
                                                            rupt 2 or pattern m
                                                            atch engine slice 2
                                                            
   51 0000005C 00000000        DCD              PIN_INT3_IRQHandler ; Pin inter
                                                            rupt 3 or pattern m
                                                            atch engine slice 3
                                                            
   52 00000060 00000000        DCD              UTICK0_IRQHandler 
                                                            ; Micro-tick Timer
   53 00000064 00000000        DCD              MRT0_IRQHandler 
                                                            ; Multi-rate timer
   54 00000068 00000000        DCD              CTIMER0_IRQHandler ; Standard c
                                                            ounter/timer CTIMER
                                                            0
   55 0000006C 00000000        DCD              CTIMER1_IRQHandler ; Standard c
                                                            ounter/timer CTIMER
                                                            1
   56 00000070 00000000        DCD              SCT0_IRQHandler ; SCTimer/PWM
   57 00000074 00000000        DCD              CTIMER3_IRQHandler ; Standard c
                                                            ounter/timer CTIMER
                                                            3
   58 00000078 00000000        DCD              FLEXCOMM0_IRQHandler ; Flexcomm
                                                             Interface 0 (USART
                                                            , SPI, I2C)
   59 0000007C 00000000        DCD              FLEXCOMM1_IRQHandler ; Flexcomm
                                                             Interface 1 (USART
                                                            , SPI, I2C)
   60 00000080 00000000        DCD              FLEXCOMM2_IRQHandler ; Flexcomm
                                                             Interface 2 (USART
                                                            , SPI, I2C)
   61 00000084 00000000        DCD              FLEXCOMM3_IRQHandler ; Flexcomm
                                                             Interface 3 (USART
                                                            , SPI, I2C)
   62 00000088 00000000        DCD              FLEXCOMM4_IRQHandler ; Flexcomm
                                                             Interface 4 (USART
                                                            , SPI, I2C)
   63 0000008C 00000000        DCD              FLEXCOMM5_IRQHandler ; Flexcomm
                                                             Interface 5 (USART
                                                            , SPI, I2C)
   64 00000090 00000000        DCD              FLEXCOMM6_IRQHandler ; Flexcomm
                                                             Interface 6 (USART
                                                            , SPI, I2C, I2S)



ARM Macro Assembler    Page 3 


   65 00000094 00000000        DCD              FLEXCOMM7_IRQHandler ; Flexcomm
                                                             Interface 7 (USART
                                                            , SPI, I2C, I2S)
   66 00000098 00000000        DCD              ADC0_SEQA_IRQHandler ; ADC0 seq
                                                            uence A completion.
                                                            
   67 0000009C 00000000        DCD              ADC0_SEQB_IRQHandler ; ADC0 seq
                                                            uence B completion.
                                                            
   68 000000A0 00000000        DCD              ADC0_THCMP_IRQHandler ; ADC0 th
                                                            reshold compare and
                                                             error.
   69 000000A4 00000000        DCD              DMIC0_IRQHandler ; Digital micr
                                                            ophone and DMIC sub
                                                            system
   70 000000A8 00000000        DCD              HWVAD0_IRQHandler ; Hardware Vo
                                                            ice Activity Detect
                                                            or
   71 000000AC 00000000        DCD              USB0_NEEDCLK_IRQHandler ; USB A
                                                            ctivity Wake-up Int
                                                            errupt
   72 000000B0 00000000        DCD              USB0_IRQHandler ; USB device
   73 000000B4 00000000        DCD              RTC_IRQHandler ; RTC alarm and 
                                                            wake-up interrupts
   74 000000B8 00000000        DCD              IOH_IRQHandler ; IOH
   75 000000BC 00000000        DCD              MAILBOX_IRQHandler ; Mailbox in
                                                            terrupt (present on
                                                             selected devices)
   76 000000C0 00000000        DCD              PIN_INT4_IRQHandler ; Pin inter
                                                            rupt 4 or pattern m
                                                            atch engine slice 4
                                                             int
   77 000000C4 00000000        DCD              PIN_INT5_IRQHandler ; Pin inter
                                                            rupt 5 or pattern m
                                                            atch engine slice 5
                                                             int
   78 000000C8 00000000        DCD              PIN_INT6_IRQHandler ; Pin inter
                                                            rupt 6 or pattern m
                                                            atch engine slice 6
                                                             int
   79 000000CC 00000000        DCD              PIN_INT7_IRQHandler ; Pin inter
                                                            rupt 7 or pattern m
                                                            atch engine slice 7
                                                             int
   80 000000D0 00000000        DCD              CTIMER2_IRQHandler ; Standard c
                                                            ounter/timer CTIMER
                                                            2
   81 000000D4 00000000        DCD              CTIMER4_IRQHandler ; Standard c
                                                            ounter/timer CTIMER
                                                            4
   82 000000D8 00000000        DCD              Reserved54_IRQHandler ; Reserve
                                                            d interrupt
   83 000000DC 00000000        DCD              SPIFI0_IRQHandler ; SPI flash i
                                                            nterface
   84 000000E0         
   85 000000E0         
   86 000000E0         ; Dummy Exception Handlers (infinite loops which can be 
                       modified)
   87 000000E0         NMI_Handler



ARM Macro Assembler    Page 4 


                               PROC
   88 000000E0                 EXPORT           NMI_Handler               [WEAK
]
   89 000000E0 E7FE            B                .
   90 000000E2                 ENDP
   91 000000E2         
   93 000000E2         HardFault_Handler
                               PROC
   94 000000E2                 EXPORT           HardFault_Handler         [WEAK
]
   95 000000E2 E7FE            B                .
   96 000000E4                 ENDP
   97 000000E4         
   98 000000E4         MemManage_Handler
                               PROC
   99 000000E4                 EXPORT           MemManage_Handler         [WEAK
]
  100 000000E4 E7FE            B                .
  101 000000E6                 ENDP
  102 000000E6         
  103 000000E6         BusFault_Handler
                               PROC
  104 000000E6                 EXPORT           BusFault_Handler          [WEAK
]
  105 000000E6 E7FE            B                .
  106 000000E8                 ENDP
  107 000000E8         
  108 000000E8         UsageFault_Handler
                               PROC
  109 000000E8                 EXPORT           UsageFault_Handler        [WEAK
]
  110 000000E8 E7FE            B                .
  111 000000EA                 ENDP
  112 000000EA         
  113 000000EA         SVC_Handler
                               PROC
  114 000000EA                 EXPORT           SVC_Handler               [WEAK
]
  115 000000EA E7FE            B                .
  116 000000EC                 ENDP
  117 000000EC         
  118 000000EC         DebugMon_Handler
                               PROC
  119 000000EC                 EXPORT           DebugMon_Handler          [WEAK
]
  120 000000EC E7FE            B                .
  121 000000EE                 ENDP
  122 000000EE         
  123 000000EE         ;PendSV_Handler  PROC
  124 000000EE         ;                EXPORT  PendSV_Handler            [WEAK
                       ]
  125 000000EE         ;                B       .
  126 000000EE         ;                ENDP
  127 000000EE         
  128 000000EE         ;SysTick_Handler PROC
  129 000000EE         ;                EXPORT  SysTick_Handler           [WEAK
                       ]
  130 000000EE         ;                B       .
  131 000000EE         ;                ENDP



ARM Macro Assembler    Page 5 


  132 000000EE         
  134 000000EE         WDT_BOD_IRQHandler
                               PROC
  135 000000EE                 EXPORT           WDT_BOD_IRQHandler        [WEAK
]
  136 000000EE 482D            LDR              R0, =WDT_BOD_DriverIRQHandler
  137 000000F0 4700            BX               R0
  138 000000F2                 ENDP
  139 000000F2         
  141 000000F2         DMA0_IRQHandler
                               PROC
  142 000000F2                 EXPORT           DMA0_IRQHandler        [WEAK]
  143 000000F2 482D            LDR              R0, =DMA0_DriverIRQHandler
  144 000000F4 4700            BX               R0
  145 000000F6                 ENDP
  146 000000F6         
  148 000000F6         GINT0_IRQHandler
                               PROC
  149 000000F6                 EXPORT           GINT0_IRQHandler        [WEAK]
  150 000000F6 482D            LDR              R0, =GINT0_DriverIRQHandler
  151 000000F8 4700            BX               R0
  152 000000FA                 ENDP
  153 000000FA         
  155 000000FA         GINT1_IRQHandler
                               PROC
  156 000000FA                 EXPORT           GINT1_IRQHandler        [WEAK]
  157 000000FA 482D            LDR              R0, =GINT1_DriverIRQHandler
  158 000000FC 4700            BX               R0
  159 000000FE                 ENDP
  160 000000FE         
  162 000000FE         PIN_INT0_IRQHandler
                               PROC
  163 000000FE                 EXPORT           PIN_INT0_IRQHandler        [WEA
K]
  164 000000FE 482D            LDR              R0, =PIN_INT0_DriverIRQHandler
  165 00000100 4700            BX               R0
  166 00000102                 ENDP
  167 00000102         
  169 00000102         PIN_INT1_IRQHandler
                               PROC
  170 00000102                 EXPORT           PIN_INT1_IRQHandler        [WEA
K]
  171 00000102 482D            LDR              R0, =PIN_INT1_DriverIRQHandler
  172 00000104 4700            BX               R0
  173 00000106                 ENDP
  174 00000106         
  176 00000106         PIN_INT2_IRQHandler
                               PROC
  177 00000106                 EXPORT           PIN_INT2_IRQHandler        [WEA
K]
  178 00000106 482D            LDR              R0, =PIN_INT2_DriverIRQHandler
  179 00000108 4700            BX               R0
  180 0000010A                 ENDP
  181 0000010A         
  183 0000010A         PIN_INT3_IRQHandler
                               PROC
  184 0000010A                 EXPORT           PIN_INT3_IRQHandler        [WEA
K]
  185 0000010A 482D            LDR              R0, =PIN_INT3_DriverIRQHandler



ARM Macro Assembler    Page 6 


  186 0000010C 4700            BX               R0
  187 0000010E                 ENDP
  188 0000010E         
  190 0000010E         UTICK0_IRQHandler
                               PROC
  191 0000010E                 EXPORT           UTICK0_IRQHandler        [WEAK]
  192 0000010E 482D            LDR              R0, =UTICK0_DriverIRQHandler
  193 00000110 4700            BX               R0
  194 00000112                 ENDP
  195 00000112         
  197 00000112         MRT0_IRQHandler
                               PROC
  198 00000112                 EXPORT           MRT0_IRQHandler        [WEAK]
  199 00000112 482D            LDR              R0, =MRT0_DriverIRQHandler
  200 00000114 4700            BX               R0
  201 00000116                 ENDP
  202 00000116         
  204 00000116         CTIMER0_IRQHandler
                               PROC
  205 00000116                 EXPORT           CTIMER0_IRQHandler        [WEAK
]
  206 00000116 482D            LDR              R0, =CTIMER0_DriverIRQHandler
  207 00000118 4700            BX               R0
  208 0000011A                 ENDP
  209 0000011A         
  211 0000011A         CTIMER1_IRQHandler
                               PROC
  212 0000011A                 EXPORT           CTIMER1_IRQHandler        [WEAK
]
  213 0000011A 482D            LDR              R0, =CTIMER1_DriverIRQHandler
  214 0000011C 4700            BX               R0
  215 0000011E                 ENDP
  216 0000011E         
  218 0000011E         SCT0_IRQHandler
                               PROC
  219 0000011E                 EXPORT           SCT0_IRQHandler        [WEAK]
  220 0000011E 482D            LDR              R0, =SCT0_DriverIRQHandler
  221 00000120 4700            BX               R0
  222 00000122                 ENDP
  223 00000122         
  225 00000122         CTIMER3_IRQHandler
                               PROC
  226 00000122                 EXPORT           CTIMER3_IRQHandler        [WEAK
]
  227 00000122 482D            LDR              R0, =CTIMER3_DriverIRQHandler
  228 00000124 4700            BX               R0
  229 00000126                 ENDP
  230 00000126         
  232 00000126         FLEXCOMM0_IRQHandler
                               PROC
  233 00000126                 EXPORT           FLEXCOMM0_IRQHandler        [WE
AK]
  234 00000126 482D            LDR              R0, =FLEXCOMM0_DriverIRQHandler
  235 00000128 4700            BX               R0
  236 0000012A                 ENDP
  237 0000012A         
  239 0000012A         FLEXCOMM1_IRQHandler
                               PROC
  240 0000012A                 EXPORT           FLEXCOMM1_IRQHandler        [WE



ARM Macro Assembler    Page 7 


AK]
  241 0000012A 482D            LDR              R0, =FLEXCOMM1_DriverIRQHandler
  242 0000012C 4700            BX               R0
  243 0000012E                 ENDP
  244 0000012E         
  246 0000012E         FLEXCOMM2_IRQHandler
                               PROC
  247 0000012E                 EXPORT           FLEXCOMM2_IRQHandler        [WE
AK]
  248 0000012E 482D            LDR              R0, =FLEXCOMM2_DriverIRQHandler
  249 00000130 4700            BX               R0
  250 00000132                 ENDP
  251 00000132         
  253 00000132         FLEXCOMM3_IRQHandler
                               PROC
  254 00000132                 EXPORT           FLEXCOMM3_IRQHandler        [WE
AK]
  255 00000132 482D            LDR              R0, =FLEXCOMM3_DriverIRQHandler
  256 00000134 4700            BX               R0
  257 00000136                 ENDP
  258 00000136         
  260 00000136         FLEXCOMM4_IRQHandler
                               PROC
  261 00000136                 EXPORT           FLEXCOMM4_IRQHandler        [WE
AK]
  262 00000136 482D            LDR              R0, =FLEXCOMM4_DriverIRQHandler
  263 00000138 4700            BX               R0
  264 0000013A                 ENDP
  265 0000013A         
  267 0000013A         FLEXCOMM5_IRQHandler
                               PROC
  268 0000013A                 EXPORT           FLEXCOMM5_IRQHandler        [WE
AK]
  269 0000013A 482D            LDR              R0, =FLEXCOMM5_DriverIRQHandler
  270 0000013C 4700            BX               R0
  271 0000013E                 ENDP
  272 0000013E         
  274 0000013E         FLEXCOMM6_IRQHandler
                               PROC
  275 0000013E                 EXPORT           FLEXCOMM6_IRQHandler        [WE
AK]
  276 0000013E 482D            LDR              R0, =FLEXCOMM6_DriverIRQHandler
  277 00000140 4700            BX               R0
  278 00000142                 ENDP
  279 00000142         
  281 00000142         FLEXCOMM7_IRQHandler
                               PROC
  282 00000142                 EXPORT           FLEXCOMM7_IRQHandler        [WE
AK]
  283 00000142 482D            LDR              R0, =FLEXCOMM7_DriverIRQHandler
  284 00000144 4700            BX               R0
  285 00000146                 ENDP
  286 00000146         
  288 00000146         ADC0_SEQA_IRQHandler
                               PROC
  289 00000146                 EXPORT           ADC0_SEQA_IRQHandler        [WE
AK]
  290 00000146 482D            LDR              R0, =ADC0_SEQA_DriverIRQHandler
  291 00000148 4700            BX               R0



ARM Macro Assembler    Page 8 


  292 0000014A                 ENDP
  293 0000014A         
  295 0000014A         ADC0_SEQB_IRQHandler
                               PROC
  296 0000014A                 EXPORT           ADC0_SEQB_IRQHandler        [WE
AK]
  297 0000014A 482D            LDR              R0, =ADC0_SEQB_DriverIRQHandler
  298 0000014C 4700            BX               R0
  299 0000014E                 ENDP
  300 0000014E         
  302 0000014E         ADC0_THCMP_IRQHandler
                               PROC
  303 0000014E                 EXPORT           ADC0_THCMP_IRQHandler        [W
EAK]
  304 0000014E 482D            LDR              R0, =ADC0_THCMP_DriverIRQHandle
r
  305 00000150 4700            BX               R0
  306 00000152                 ENDP
  307 00000152         
  309 00000152         DMIC0_IRQHandler
                               PROC
  310 00000152                 EXPORT           DMIC0_IRQHandler        [WEAK]
  311 00000152 482D            LDR              R0, =DMIC0_DriverIRQHandler
  312 00000154 4700            BX               R0
  313 00000156                 ENDP
  314 00000156         
  316 00000156         HWVAD0_IRQHandler
                               PROC
  317 00000156                 EXPORT           HWVAD0_IRQHandler        [WEAK]
  318 00000156 482D            LDR              R0, =HWVAD0_DriverIRQHandler
  319 00000158 4700            BX               R0
  320 0000015A                 ENDP
  321 0000015A         
  323 0000015A         USB0_NEEDCLK_IRQHandler
                               PROC
  324 0000015A                 EXPORT           USB0_NEEDCLK_IRQHandler        
[WEAK]
  325 0000015A 482D            LDR              R0, =USB0_NEEDCLK_DriverIRQHand
ler
  326 0000015C 4700            BX               R0
  327 0000015E                 ENDP
  328 0000015E         
  330 0000015E         USB0_IRQHandler
                               PROC
  331 0000015E                 EXPORT           USB0_IRQHandler        [WEAK]
  332 0000015E 482D            LDR              R0, =USB0_DriverIRQHandler
  333 00000160 4700            BX               R0
  334 00000162                 ENDP
  335 00000162         
  337 00000162         RTC_IRQHandler
                               PROC
  338 00000162                 EXPORT           RTC_IRQHandler        [WEAK]
  339 00000162 482D            LDR              R0, =RTC_DriverIRQHandler
  340 00000164 4700            BX               R0
  341 00000166                 ENDP
  342 00000166         
  344 00000166         IOH_IRQHandler
                               PROC
  345 00000166                 EXPORT           IOH_IRQHandler        [WEAK]



ARM Macro Assembler    Page 9 


  346 00000166 482D            LDR              R0, =IOH_DriverIRQHandler
  347 00000168 4700            BX               R0
  348 0000016A                 ENDP
  349 0000016A         
  351 0000016A         MAILBOX_IRQHandler
                               PROC
  352 0000016A                 EXPORT           MAILBOX_IRQHandler        [WEAK
]
  353 0000016A 482D            LDR              R0, =MAILBOX_DriverIRQHandler
  354 0000016C 4700            BX               R0
  355 0000016E                 ENDP
  356 0000016E         
  358 0000016E         PIN_INT4_IRQHandler
                               PROC
  359 0000016E                 EXPORT           PIN_INT4_IRQHandler        [WEA
K]
  360 0000016E 482D            LDR              R0, =PIN_INT4_DriverIRQHandler
  361 00000170 4700            BX               R0
  362 00000172                 ENDP
  363 00000172         
  365 00000172         PIN_INT5_IRQHandler
                               PROC
  366 00000172                 EXPORT           PIN_INT5_IRQHandler        [WEA
K]
  367 00000172 482D            LDR              R0, =PIN_INT5_DriverIRQHandler
  368 00000174 4700            BX               R0
  369 00000176                 ENDP
  370 00000176         
  372 00000176         PIN_INT6_IRQHandler
                               PROC
  373 00000176                 EXPORT           PIN_INT6_IRQHandler        [WEA
K]
  374 00000176 482D            LDR              R0, =PIN_INT6_DriverIRQHandler
  375 00000178 4700            BX               R0
  376 0000017A                 ENDP
  377 0000017A         
  379 0000017A         PIN_INT7_IRQHandler
                               PROC
  380 0000017A                 EXPORT           PIN_INT7_IRQHandler        [WEA
K]
  381 0000017A 482D            LDR              R0, =PIN_INT7_DriverIRQHandler
  382 0000017C 4700            BX               R0
  383 0000017E                 ENDP
  384 0000017E         
  386 0000017E         CTIMER2_IRQHandler
                               PROC
  387 0000017E                 EXPORT           CTIMER2_IRQHandler        [WEAK
]
  388 0000017E 482D            LDR              R0, =CTIMER2_DriverIRQHandler
  389 00000180 4700            BX               R0
  390 00000182                 ENDP
  391 00000182         
  393 00000182         CTIMER4_IRQHandler
                               PROC
  394 00000182                 EXPORT           CTIMER4_IRQHandler        [WEAK
]
  395 00000182 482D            LDR              R0, =CTIMER4_DriverIRQHandler
  396 00000184 4700            BX               R0
  397 00000186                 ENDP



ARM Macro Assembler    Page 10 


  398 00000186         
  400 00000186         Reserved54_IRQHandler
                               PROC
  401 00000186                 EXPORT           Reserved54_IRQHandler        [W
EAK]
  402 00000186 482D            LDR              R0, =Reserved54_DriverIRQHandle
r
  403 00000188 4700            BX               R0
  404 0000018A                 ENDP
  405 0000018A         
  407 0000018A         SPIFI0_IRQHandler
                               PROC
  408 0000018A                 EXPORT           SPIFI0_IRQHandler        [WEAK]
  409 0000018A 482D            LDR              R0, =SPIFI0_DriverIRQHandler
  410 0000018C 4700            BX               R0
  411 0000018E                 ENDP
  412 0000018E         
  413 0000018E         Default_Handler
                               PROC
  414 0000018E                 EXPORT           WDT_BOD_DriverIRQHandler       
 [WEAK]
  415 0000018E                 EXPORT           DMA0_DriverIRQHandler        [W
EAK]
  416 0000018E                 EXPORT           GINT0_DriverIRQHandler        [
WEAK]
  417 0000018E                 EXPORT           GINT1_DriverIRQHandler        [
WEAK]
  418 0000018E                 EXPORT           PIN_INT0_DriverIRQHandler      
  [WEAK]
  419 0000018E                 EXPORT           PIN_INT1_DriverIRQHandler      
  [WEAK]
  420 0000018E                 EXPORT           PIN_INT2_DriverIRQHandler      
  [WEAK]
  421 0000018E                 EXPORT           PIN_INT3_DriverIRQHandler      
  [WEAK]
  422 0000018E                 EXPORT           UTICK0_DriverIRQHandler        
[WEAK]
  423 0000018E                 EXPORT           MRT0_DriverIRQHandler        [W
EAK]
  424 0000018E                 EXPORT           CTIMER0_DriverIRQHandler       
 [WEAK]
  425 0000018E                 EXPORT           CTIMER1_DriverIRQHandler       
 [WEAK]
  426 0000018E                 EXPORT           SCT0_DriverIRQHandler        [W
EAK]
  427 0000018E                 EXPORT           CTIMER3_DriverIRQHandler       
 [WEAK]
  428 0000018E                 EXPORT           FLEXCOMM0_DriverIRQHandler     
   [WEAK]
  429 0000018E                 EXPORT           FLEXCOMM1_DriverIRQHandler     
   [WEAK]
  430 0000018E                 EXPORT           FLEXCOMM2_DriverIRQHandler     
   [WEAK]
  431 0000018E                 EXPORT           FLEXCOMM3_DriverIRQHandler     
   [WEAK]
  432 0000018E                 EXPORT           FLEXCOMM4_DriverIRQHandler     
   [WEAK]
  433 0000018E                 EXPORT           FLEXCOMM5_DriverIRQHandler     
   [WEAK]



ARM Macro Assembler    Page 11 


  434 0000018E                 EXPORT           FLEXCOMM6_DriverIRQHandler     
   [WEAK]
  435 0000018E                 EXPORT           FLEXCOMM7_DriverIRQHandler     
   [WEAK]
  436 0000018E                 EXPORT           ADC0_SEQA_DriverIRQHandler     
   [WEAK]
  437 0000018E                 EXPORT           ADC0_SEQB_DriverIRQHandler     
   [WEAK]
  438 0000018E                 EXPORT           ADC0_THCMP_DriverIRQHandler    
    [WEAK]
  439 0000018E                 EXPORT           DMIC0_DriverIRQHandler        [
WEAK]
  440 0000018E                 EXPORT           HWVAD0_DriverIRQHandler        
[WEAK]
  441 0000018E                 EXPORT           USB0_NEEDCLK_DriverIRQHandler  
      [WEAK]
  442 0000018E                 EXPORT           USB0_DriverIRQHandler        [W
EAK]
  443 0000018E                 EXPORT           RTC_DriverIRQHandler        [WE
AK]
  444 0000018E                 EXPORT           IOH_DriverIRQHandler        [WE
AK]
  445 0000018E                 EXPORT           MAILBOX_DriverIRQHandler       
 [WEAK]
  446 0000018E                 EXPORT           PIN_INT4_DriverIRQHandler      
  [WEAK]
  447 0000018E                 EXPORT           PIN_INT5_DriverIRQHandler      
  [WEAK]
  448 0000018E                 EXPORT           PIN_INT6_DriverIRQHandler      
  [WEAK]
  449 0000018E                 EXPORT           PIN_INT7_DriverIRQHandler      
  [WEAK]
  450 0000018E                 EXPORT           CTIMER2_DriverIRQHandler       
 [WEAK]
  451 0000018E                 EXPORT           CTIMER4_DriverIRQHandler       
 [WEAK]
  452 0000018E                 EXPORT           Reserved54_DriverIRQHandler    
    [WEAK]
  453 0000018E                 EXPORT           SPIFI0_DriverIRQHandler        
[WEAK]
  454 0000018E         
  455 0000018E         WDT_BOD_DriverIRQHandler
  456 0000018E         DMA0_DriverIRQHandler
  457 0000018E         GINT0_DriverIRQHandler
  458 0000018E         GINT1_DriverIRQHandler
  459 0000018E         PIN_INT0_DriverIRQHandler
  460 0000018E         PIN_INT1_DriverIRQHandler
  461 0000018E         PIN_INT2_DriverIRQHandler
  462 0000018E         PIN_INT3_DriverIRQHandler
  463 0000018E         UTICK0_DriverIRQHandler
  464 0000018E         MRT0_DriverIRQHandler
  465 0000018E         CTIMER0_DriverIRQHandler
  466 0000018E         CTIMER1_DriverIRQHandler
  467 0000018E         SCT0_DriverIRQHandler
  468 0000018E         CTIMER3_DriverIRQHandler
  469 0000018E         FLEXCOMM0_DriverIRQHandler
  470 0000018E         FLEXCOMM1_DriverIRQHandler
  471 0000018E         FLEXCOMM2_DriverIRQHandler
  472 0000018E         FLEXCOMM3_DriverIRQHandler



ARM Macro Assembler    Page 12 


  473 0000018E         FLEXCOMM4_DriverIRQHandler
  474 0000018E         FLEXCOMM5_DriverIRQHandler
  475 0000018E         FLEXCOMM6_DriverIRQHandler
  476 0000018E         FLEXCOMM7_DriverIRQHandler
  477 0000018E         ADC0_SEQA_DriverIRQHandler
  478 0000018E         ADC0_SEQB_DriverIRQHandler
  479 0000018E         ADC0_THCMP_DriverIRQHandler
  480 0000018E         DMIC0_DriverIRQHandler
  481 0000018E         HWVAD0_DriverIRQHandler
  482 0000018E         USB0_NEEDCLK_DriverIRQHandler
  483 0000018E         USB0_DriverIRQHandler
  484 0000018E         RTC_DriverIRQHandler
  485 0000018E         IOH_DriverIRQHandler
  486 0000018E         MAILBOX_DriverIRQHandler
  487 0000018E         PIN_INT4_DriverIRQHandler
  488 0000018E         PIN_INT5_DriverIRQHandler
  489 0000018E         PIN_INT6_DriverIRQHandler
  490 0000018E         PIN_INT7_DriverIRQHandler
  491 0000018E         CTIMER2_DriverIRQHandler
  492 0000018E         CTIMER4_DriverIRQHandler
  493 0000018E         Reserved54_DriverIRQHandler
  494 0000018E         SPIFI0_DriverIRQHandler
  495 0000018E         
  496 0000018E E7FE            B                .
  497 00000190         
  498 00000190                 ENDP
  499 00000190         
  500 00000190         Reset_Handler
  501 00000190 F8DF 00B0       LDR.W            R0, =0xE000ED88
  502 00000194 6801            LDR              R1, [R0]
  503 00000196 F441 0170       ORR              R1, R1, #(0xF << 20)
  504 0000019A 6001            STR              R1, [R0]
  505 0000019C B672            CPSID            I
  506 0000019E         
  507 0000019E                 IMPORT           __main
  508 0000019E 482A            LDR              R0, =__main
  509 000001A0 4700            BX               R0
  510 000001A2         
  511 000001A2         
  512 000001A2 00 00           ALIGN
  513 000001A4         
  514 000001A4                 IF               :DEF:__MICROLIB
  515 000001A4         
  516 000001A4                 EXPORT           __initial_sp
  517 000001A4                 EXPORT           __heap_base
  518 000001A4                 EXPORT           __heap_limit
  519 000001A4         
  520 000001A4                 ELSE
  534                          ENDIF
  535 000001A4         
  536 000001A4         
  537 000001A4                 END
              00000000 
              00000000 
              00000000 
              00000000 
              00000000 
              00000000 
              00000000 



ARM Macro Assembler    Page 13 


              00000000 
              00000000 
              00000000 
              00000000 
              00000000 
              00000000 
              00000000 
              00000000 
              00000000 
              00000000 
              00000000 
              00000000 
              00000000 
              00000000 
              00000000 
              00000000 
              00000000 
              00000000 
              00000000 
              00000000 
              00000000 
              00000000 
              00000000 
              00000000 
              00000000 
              00000000 
              00000000 
              00000000 
              00000000 
              00000000 
              00000000 
              00000000 
              00000000 
              E000ED88 
              00000000 
Command Line: --debug --xref --diag_suppress=9931 --cpu=Cortex-M4.fp --apcs=int
erwork --depend=.\objects\los_startup_keil.d -o.\objects\los_startup_keil.o -IC
:\Users\zhangyunfeng\Desktop\LiteOS_Kernel-master\projects\LPC54110_BOARD_KEIL\
RTE -IC:\Keil_v5\ARM\PACK\Keil\LPC54000_DFP\2.2.0\LPCOpen\lpc5411x\chip_5411x\i
nc -IC:\Keil_v5\ARM\CMSIS\Include --predefine="__MICROLIB SETA 1" --predefine="
__UVISION_VERSION SETA 521" --predefine="CHIP_LPC5411X SETA 1" --list=.\listing
s\los_startup_keil.lst ..\..\platform\LPC54110_BOARD\los_startup_keil.s



ARM Macro Assembler    Page 1 Alphabetic symbol ordering
Relocatable symbols

STACK 00000000

Symbol: STACK
   Definitions
      At line 6 in file ..\..\platform\LPC54110_BOARD\los_startup_keil.s
   Uses
      None
Comment: STACK unused
Stack_Mem 00000000

Symbol: Stack_Mem
   Definitions
      At line 7 in file ..\..\platform\LPC54110_BOARD\los_startup_keil.s
   Uses
      None
Comment: Stack_Mem unused
__initial_sp 00000400

Symbol: __initial_sp
   Definitions
      At line 8 in file ..\..\platform\LPC54110_BOARD\los_startup_keil.s
   Uses
      At line 26 in file ..\..\platform\LPC54110_BOARD\los_startup_keil.s
      At line 516 in file ..\..\platform\LPC54110_BOARD\los_startup_keil.s

3 symbols



ARM Macro Assembler    Page 1 Alphabetic symbol ordering
Relocatable symbols

HEAP 00000000

Symbol: HEAP
   Definitions
      At line 10 in file ..\..\platform\LPC54110_BOARD\los_startup_keil.s
   Uses
      None
Comment: HEAP unused
Heap_Mem 00000000

Symbol: Heap_Mem
   Definitions
      At line 12 in file ..\..\platform\LPC54110_BOARD\los_startup_keil.s
   Uses
      None
Comment: Heap_Mem unused
__heap_base 00000000

Symbol: __heap_base
   Definitions
      At line 11 in file ..\..\platform\LPC54110_BOARD\los_startup_keil.s
   Uses
      At line 517 in file ..\..\platform\LPC54110_BOARD\los_startup_keil.s
Comment: __heap_base used once
__heap_limit 00000200

Symbol: __heap_limit
   Definitions
      At line 13 in file ..\..\platform\LPC54110_BOARD\los_startup_keil.s
   Uses
      At line 518 in file ..\..\platform\LPC54110_BOARD\los_startup_keil.s
Comment: __heap_limit used once
4 symbols



ARM Macro Assembler    Page 1 Alphabetic symbol ordering
Relocatable symbols

ADC0_SEQA_DriverIRQHandler 0000018E

Symbol: ADC0_SEQA_DriverIRQHandler
   Definitions
      At line 477 in file ..\..\platform\LPC54110_BOARD\los_startup_keil.s
   Uses
      At line 290 in file ..\..\platform\LPC54110_BOARD\los_startup_keil.s
      At line 436 in file ..\..\platform\LPC54110_BOARD\los_startup_keil.s

ADC0_SEQA_IRQHandler 00000146

Symbol: ADC0_SEQA_IRQHandler
   Definitions
      At line 288 in file ..\..\platform\LPC54110_BOARD\los_startup_keil.s
   Uses
      At line 66 in file ..\..\platform\LPC54110_BOARD\los_startup_keil.s
      At line 289 in file ..\..\platform\LPC54110_BOARD\los_startup_keil.s

ADC0_SEQB_DriverIRQHandler 0000018E

Symbol: ADC0_SEQB_DriverIRQHandler
   Definitions
      At line 478 in file ..\..\platform\LPC54110_BOARD\los_startup_keil.s
   Uses
      At line 297 in file ..\..\platform\LPC54110_BOARD\los_startup_keil.s
      At line 437 in file ..\..\platform\LPC54110_BOARD\los_startup_keil.s

ADC0_SEQB_IRQHandler 0000014A

Symbol: ADC0_SEQB_IRQHandler
   Definitions
      At line 295 in file ..\..\platform\LPC54110_BOARD\los_startup_keil.s
   Uses
      At line 67 in file ..\..\platform\LPC54110_BOARD\los_startup_keil.s
      At line 296 in file ..\..\platform\LPC54110_BOARD\los_startup_keil.s

ADC0_THCMP_DriverIRQHandler 0000018E

Symbol: ADC0_THCMP_DriverIRQHandler
   Definitions
      At line 479 in file ..\..\platform\LPC54110_BOARD\los_startup_keil.s
   Uses
      At line 304 in file ..\..\platform\LPC54110_BOARD\los_startup_keil.s
      At line 438 in file ..\..\platform\LPC54110_BOARD\los_startup_keil.s

ADC0_THCMP_IRQHandler 0000014E

Symbol: ADC0_THCMP_IRQHandler
   Definitions
      At line 302 in file ..\..\platform\LPC54110_BOARD\los_startup_keil.s
   Uses
      At line 68 in file ..\..\platform\LPC54110_BOARD\los_startup_keil.s
      At line 303 in file ..\..\platform\LPC54110_BOARD\los_startup_keil.s

BusFault_Handler 000000E6

Symbol: BusFault_Handler
   Definitions
      At line 103 in file ..\..\platform\LPC54110_BOARD\los_startup_keil.s



ARM Macro Assembler    Page 2 Alphabetic symbol ordering
Relocatable symbols

   Uses
      At line 104 in file ..\..\platform\LPC54110_BOARD\los_startup_keil.s
Comment: BusFault_Handler used once
CTIMER0_DriverIRQHandler 0000018E

Symbol: CTIMER0_DriverIRQHandler
   Definitions
      At line 465 in file ..\..\platform\LPC54110_BOARD\los_startup_keil.s
   Uses
      At line 206 in file ..\..\platform\LPC54110_BOARD\los_startup_keil.s
      At line 424 in file ..\..\platform\LPC54110_BOARD\los_startup_keil.s

CTIMER0_IRQHandler 00000116

Symbol: CTIMER0_IRQHandler
   Definitions
      At line 204 in file ..\..\platform\LPC54110_BOARD\los_startup_keil.s
   Uses
      At line 54 in file ..\..\platform\LPC54110_BOARD\los_startup_keil.s
      At line 205 in file ..\..\platform\LPC54110_BOARD\los_startup_keil.s

CTIMER1_DriverIRQHandler 0000018E

Symbol: CTIMER1_DriverIRQHandler
   Definitions
      At line 466 in file ..\..\platform\LPC54110_BOARD\los_startup_keil.s
   Uses
      At line 213 in file ..\..\platform\LPC54110_BOARD\los_startup_keil.s
      At line 425 in file ..\..\platform\LPC54110_BOARD\los_startup_keil.s

CTIMER1_IRQHandler 0000011A

Symbol: CTIMER1_IRQHandler
   Definitions
      At line 211 in file ..\..\platform\LPC54110_BOARD\los_startup_keil.s
   Uses
      At line 55 in file ..\..\platform\LPC54110_BOARD\los_startup_keil.s
      At line 212 in file ..\..\platform\LPC54110_BOARD\los_startup_keil.s

CTIMER2_DriverIRQHandler 0000018E

Symbol: CTIMER2_DriverIRQHandler
   Definitions
      At line 491 in file ..\..\platform\LPC54110_BOARD\los_startup_keil.s
   Uses
      At line 388 in file ..\..\platform\LPC54110_BOARD\los_startup_keil.s
      At line 450 in file ..\..\platform\LPC54110_BOARD\los_startup_keil.s

CTIMER2_IRQHandler 0000017E

Symbol: CTIMER2_IRQHandler
   Definitions
      At line 386 in file ..\..\platform\LPC54110_BOARD\los_startup_keil.s
   Uses
      At line 80 in file ..\..\platform\LPC54110_BOARD\los_startup_keil.s
      At line 387 in file ..\..\platform\LPC54110_BOARD\los_startup_keil.s

CTIMER3_DriverIRQHandler 0000018E




ARM Macro Assembler    Page 3 Alphabetic symbol ordering
Relocatable symbols

Symbol: CTIMER3_DriverIRQHandler
   Definitions
      At line 468 in file ..\..\platform\LPC54110_BOARD\los_startup_keil.s
   Uses
      At line 227 in file ..\..\platform\LPC54110_BOARD\los_startup_keil.s
      At line 427 in file ..\..\platform\LPC54110_BOARD\los_startup_keil.s

CTIMER3_IRQHandler 00000122

Symbol: CTIMER3_IRQHandler
   Definitions
      At line 225 in file ..\..\platform\LPC54110_BOARD\los_startup_keil.s
   Uses
      At line 57 in file ..\..\platform\LPC54110_BOARD\los_startup_keil.s
      At line 226 in file ..\..\platform\LPC54110_BOARD\los_startup_keil.s

CTIMER4_DriverIRQHandler 0000018E

Symbol: CTIMER4_DriverIRQHandler
   Definitions
      At line 492 in file ..\..\platform\LPC54110_BOARD\los_startup_keil.s
   Uses
      At line 395 in file ..\..\platform\LPC54110_BOARD\los_startup_keil.s
      At line 451 in file ..\..\platform\LPC54110_BOARD\los_startup_keil.s

CTIMER4_IRQHandler 00000182

Symbol: CTIMER4_IRQHandler
   Definitions
      At line 393 in file ..\..\platform\LPC54110_BOARD\los_startup_keil.s
   Uses
      At line 81 in file ..\..\platform\LPC54110_BOARD\los_startup_keil.s
      At line 394 in file ..\..\platform\LPC54110_BOARD\los_startup_keil.s

DMA0_DriverIRQHandler 0000018E

Symbol: DMA0_DriverIRQHandler
   Definitions
      At line 456 in file ..\..\platform\LPC54110_BOARD\los_startup_keil.s
   Uses
      At line 143 in file ..\..\platform\LPC54110_BOARD\los_startup_keil.s
      At line 415 in file ..\..\platform\LPC54110_BOARD\los_startup_keil.s

DMA0_IRQHandler 000000F2

Symbol: DMA0_IRQHandler
   Definitions
      At line 141 in file ..\..\platform\LPC54110_BOARD\los_startup_keil.s
   Uses
      At line 45 in file ..\..\platform\LPC54110_BOARD\los_startup_keil.s
      At line 142 in file ..\..\platform\LPC54110_BOARD\los_startup_keil.s

DMIC0_DriverIRQHandler 0000018E

Symbol: DMIC0_DriverIRQHandler
   Definitions
      At line 480 in file ..\..\platform\LPC54110_BOARD\los_startup_keil.s
   Uses
      At line 311 in file ..\..\platform\LPC54110_BOARD\los_startup_keil.s



ARM Macro Assembler    Page 4 Alphabetic symbol ordering
Relocatable symbols

      At line 439 in file ..\..\platform\LPC54110_BOARD\los_startup_keil.s

DMIC0_IRQHandler 00000152

Symbol: DMIC0_IRQHandler
   Definitions
      At line 309 in file ..\..\platform\LPC54110_BOARD\los_startup_keil.s
   Uses
      At line 69 in file ..\..\platform\LPC54110_BOARD\los_startup_keil.s
      At line 310 in file ..\..\platform\LPC54110_BOARD\los_startup_keil.s

DebugMon_Handler 000000EC

Symbol: DebugMon_Handler
   Definitions
      At line 118 in file ..\..\platform\LPC54110_BOARD\los_startup_keil.s
   Uses
      At line 119 in file ..\..\platform\LPC54110_BOARD\los_startup_keil.s
Comment: DebugMon_Handler used once
Default_Handler 0000018E

Symbol: Default_Handler
   Definitions
      At line 413 in file ..\..\platform\LPC54110_BOARD\los_startup_keil.s
   Uses
      None
Comment: Default_Handler unused
FLEXCOMM0_DriverIRQHandler 0000018E

Symbol: FLEXCOMM0_DriverIRQHandler
   Definitions
      At line 469 in file ..\..\platform\LPC54110_BOARD\los_startup_keil.s
   Uses
      At line 234 in file ..\..\platform\LPC54110_BOARD\los_startup_keil.s
      At line 428 in file ..\..\platform\LPC54110_BOARD\los_startup_keil.s

FLEXCOMM0_IRQHandler 00000126

Symbol: FLEXCOMM0_IRQHandler
   Definitions
      At line 232 in file ..\..\platform\LPC54110_BOARD\los_startup_keil.s
   Uses
      At line 58 in file ..\..\platform\LPC54110_BOARD\los_startup_keil.s
      At line 233 in file ..\..\platform\LPC54110_BOARD\los_startup_keil.s

FLEXCOMM1_DriverIRQHandler 0000018E

Symbol: FLEXCOMM1_DriverIRQHandler
   Definitions
      At line 470 in file ..\..\platform\LPC54110_BOARD\los_startup_keil.s
   Uses
      At line 241 in file ..\..\platform\LPC54110_BOARD\los_startup_keil.s
      At line 429 in file ..\..\platform\LPC54110_BOARD\los_startup_keil.s

FLEXCOMM1_IRQHandler 0000012A

Symbol: FLEXCOMM1_IRQHandler
   Definitions
      At line 239 in file ..\..\platform\LPC54110_BOARD\los_startup_keil.s



ARM Macro Assembler    Page 5 Alphabetic symbol ordering
Relocatable symbols

   Uses
      At line 59 in file ..\..\platform\LPC54110_BOARD\los_startup_keil.s
      At line 240 in file ..\..\platform\LPC54110_BOARD\los_startup_keil.s

FLEXCOMM2_DriverIRQHandler 0000018E

Symbol: FLEXCOMM2_DriverIRQHandler
   Definitions
      At line 471 in file ..\..\platform\LPC54110_BOARD\los_startup_keil.s
   Uses
      At line 248 in file ..\..\platform\LPC54110_BOARD\los_startup_keil.s
      At line 430 in file ..\..\platform\LPC54110_BOARD\los_startup_keil.s

FLEXCOMM2_IRQHandler 0000012E

Symbol: FLEXCOMM2_IRQHandler
   Definitions
      At line 246 in file ..\..\platform\LPC54110_BOARD\los_startup_keil.s
   Uses
      At line 60 in file ..\..\platform\LPC54110_BOARD\los_startup_keil.s
      At line 247 in file ..\..\platform\LPC54110_BOARD\los_startup_keil.s

FLEXCOMM3_DriverIRQHandler 0000018E

Symbol: FLEXCOMM3_DriverIRQHandler
   Definitions
      At line 472 in file ..\..\platform\LPC54110_BOARD\los_startup_keil.s
   Uses
      At line 255 in file ..\..\platform\LPC54110_BOARD\los_startup_keil.s
      At line 431 in file ..\..\platform\LPC54110_BOARD\los_startup_keil.s

FLEXCOMM3_IRQHandler 00000132

Symbol: FLEXCOMM3_IRQHandler
   Definitions
      At line 253 in file ..\..\platform\LPC54110_BOARD\los_startup_keil.s
   Uses
      At line 61 in file ..\..\platform\LPC54110_BOARD\los_startup_keil.s
      At line 254 in file ..\..\platform\LPC54110_BOARD\los_startup_keil.s

FLEXCOMM4_DriverIRQHandler 0000018E

Symbol: FLEXCOMM4_DriverIRQHandler
   Definitions
      At line 473 in file ..\..\platform\LPC54110_BOARD\los_startup_keil.s
   Uses
      At line 262 in file ..\..\platform\LPC54110_BOARD\los_startup_keil.s
      At line 432 in file ..\..\platform\LPC54110_BOARD\los_startup_keil.s

FLEXCOMM4_IRQHandler 00000136

Symbol: FLEXCOMM4_IRQHandler
   Definitions
      At line 260 in file ..\..\platform\LPC54110_BOARD\los_startup_keil.s
   Uses
      At line 62 in file ..\..\platform\LPC54110_BOARD\los_startup_keil.s
      At line 261 in file ..\..\platform\LPC54110_BOARD\los_startup_keil.s

FLEXCOMM5_DriverIRQHandler 0000018E



ARM Macro Assembler    Page 6 Alphabetic symbol ordering
Relocatable symbols


Symbol: FLEXCOMM5_DriverIRQHandler
   Definitions
      At line 474 in file ..\..\platform\LPC54110_BOARD\los_startup_keil.s
   Uses
      At line 269 in file ..\..\platform\LPC54110_BOARD\los_startup_keil.s
      At line 433 in file ..\..\platform\LPC54110_BOARD\los_startup_keil.s

FLEXCOMM5_IRQHandler 0000013A

Symbol: FLEXCOMM5_IRQHandler
   Definitions
      At line 267 in file ..\..\platform\LPC54110_BOARD\los_startup_keil.s
   Uses
      At line 63 in file ..\..\platform\LPC54110_BOARD\los_startup_keil.s
      At line 268 in file ..\..\platform\LPC54110_BOARD\los_startup_keil.s

FLEXCOMM6_DriverIRQHandler 0000018E

Symbol: FLEXCOMM6_DriverIRQHandler
   Definitions
      At line 475 in file ..\..\platform\LPC54110_BOARD\los_startup_keil.s
   Uses
      At line 276 in file ..\..\platform\LPC54110_BOARD\los_startup_keil.s
      At line 434 in file ..\..\platform\LPC54110_BOARD\los_startup_keil.s

FLEXCOMM6_IRQHandler 0000013E

Symbol: FLEXCOMM6_IRQHandler
   Definitions
      At line 274 in file ..\..\platform\LPC54110_BOARD\los_startup_keil.s
   Uses
      At line 64 in file ..\..\platform\LPC54110_BOARD\los_startup_keil.s
      At line 275 in file ..\..\platform\LPC54110_BOARD\los_startup_keil.s

FLEXCOMM7_DriverIRQHandler 0000018E

Symbol: FLEXCOMM7_DriverIRQHandler
   Definitions
      At line 476 in file ..\..\platform\LPC54110_BOARD\los_startup_keil.s
   Uses
      At line 283 in file ..\..\platform\LPC54110_BOARD\los_startup_keil.s
      At line 435 in file ..\..\platform\LPC54110_BOARD\los_startup_keil.s

FLEXCOMM7_IRQHandler 00000142

Symbol: FLEXCOMM7_IRQHandler
   Definitions
      At line 281 in file ..\..\platform\LPC54110_BOARD\los_startup_keil.s
   Uses
      At line 65 in file ..\..\platform\LPC54110_BOARD\los_startup_keil.s
      At line 282 in file ..\..\platform\LPC54110_BOARD\los_startup_keil.s

GINT0_DriverIRQHandler 0000018E

Symbol: GINT0_DriverIRQHandler
   Definitions
      At line 457 in file ..\..\platform\LPC54110_BOARD\los_startup_keil.s
   Uses



ARM Macro Assembler    Page 7 Alphabetic symbol ordering
Relocatable symbols

      At line 150 in file ..\..\platform\LPC54110_BOARD\los_startup_keil.s
      At line 416 in file ..\..\platform\LPC54110_BOARD\los_startup_keil.s

GINT0_IRQHandler 000000F6

Symbol: GINT0_IRQHandler
   Definitions
      At line 148 in file ..\..\platform\LPC54110_BOARD\los_startup_keil.s
   Uses
      At line 46 in file ..\..\platform\LPC54110_BOARD\los_startup_keil.s
      At line 149 in file ..\..\platform\LPC54110_BOARD\los_startup_keil.s

GINT1_DriverIRQHandler 0000018E

Symbol: GINT1_DriverIRQHandler
   Definitions
      At line 458 in file ..\..\platform\LPC54110_BOARD\los_startup_keil.s
   Uses
      At line 157 in file ..\..\platform\LPC54110_BOARD\los_startup_keil.s
      At line 417 in file ..\..\platform\LPC54110_BOARD\los_startup_keil.s

GINT1_IRQHandler 000000FA

Symbol: GINT1_IRQHandler
   Definitions
      At line 155 in file ..\..\platform\LPC54110_BOARD\los_startup_keil.s
   Uses
      At line 47 in file ..\..\platform\LPC54110_BOARD\los_startup_keil.s
      At line 156 in file ..\..\platform\LPC54110_BOARD\los_startup_keil.s

HWVAD0_DriverIRQHandler 0000018E

Symbol: HWVAD0_DriverIRQHandler
   Definitions
      At line 481 in file ..\..\platform\LPC54110_BOARD\los_startup_keil.s
   Uses
      At line 318 in file ..\..\platform\LPC54110_BOARD\los_startup_keil.s
      At line 440 in file ..\..\platform\LPC54110_BOARD\los_startup_keil.s

HWVAD0_IRQHandler 00000156

Symbol: HWVAD0_IRQHandler
   Definitions
      At line 316 in file ..\..\platform\LPC54110_BOARD\los_startup_keil.s
   Uses
      At line 70 in file ..\..\platform\LPC54110_BOARD\los_startup_keil.s
      At line 317 in file ..\..\platform\LPC54110_BOARD\los_startup_keil.s

HardFault_Handler 000000E2

Symbol: HardFault_Handler
   Definitions
      At line 93 in file ..\..\platform\LPC54110_BOARD\los_startup_keil.s
   Uses
      At line 94 in file ..\..\platform\LPC54110_BOARD\los_startup_keil.s
Comment: HardFault_Handler used once
IOH_DriverIRQHandler 0000018E

Symbol: IOH_DriverIRQHandler



ARM Macro Assembler    Page 8 Alphabetic symbol ordering
Relocatable symbols

   Definitions
      At line 485 in file ..\..\platform\LPC54110_BOARD\los_startup_keil.s
   Uses
      At line 346 in file ..\..\platform\LPC54110_BOARD\los_startup_keil.s
      At line 444 in file ..\..\platform\LPC54110_BOARD\los_startup_keil.s

IOH_IRQHandler 00000166

Symbol: IOH_IRQHandler
   Definitions
      At line 344 in file ..\..\platform\LPC54110_BOARD\los_startup_keil.s
   Uses
      At line 74 in file ..\..\platform\LPC54110_BOARD\los_startup_keil.s
      At line 345 in file ..\..\platform\LPC54110_BOARD\los_startup_keil.s

MAILBOX_DriverIRQHandler 0000018E

Symbol: MAILBOX_DriverIRQHandler
   Definitions
      At line 486 in file ..\..\platform\LPC54110_BOARD\los_startup_keil.s
   Uses
      At line 353 in file ..\..\platform\LPC54110_BOARD\los_startup_keil.s
      At line 445 in file ..\..\platform\LPC54110_BOARD\los_startup_keil.s

MAILBOX_IRQHandler 0000016A

Symbol: MAILBOX_IRQHandler
   Definitions
      At line 351 in file ..\..\platform\LPC54110_BOARD\los_startup_keil.s
   Uses
      At line 75 in file ..\..\platform\LPC54110_BOARD\los_startup_keil.s
      At line 352 in file ..\..\platform\LPC54110_BOARD\los_startup_keil.s

MRT0_DriverIRQHandler 0000018E

Symbol: MRT0_DriverIRQHandler
   Definitions
      At line 464 in file ..\..\platform\LPC54110_BOARD\los_startup_keil.s
   Uses
      At line 199 in file ..\..\platform\LPC54110_BOARD\los_startup_keil.s
      At line 423 in file ..\..\platform\LPC54110_BOARD\los_startup_keil.s

MRT0_IRQHandler 00000112

Symbol: MRT0_IRQHandler
   Definitions
      At line 197 in file ..\..\platform\LPC54110_BOARD\los_startup_keil.s
   Uses
      At line 53 in file ..\..\platform\LPC54110_BOARD\los_startup_keil.s
      At line 198 in file ..\..\platform\LPC54110_BOARD\los_startup_keil.s

MemManage_Handler 000000E4

Symbol: MemManage_Handler
   Definitions
      At line 98 in file ..\..\platform\LPC54110_BOARD\los_startup_keil.s
   Uses
      At line 99 in file ..\..\platform\LPC54110_BOARD\los_startup_keil.s
Comment: MemManage_Handler used once



ARM Macro Assembler    Page 9 Alphabetic symbol ordering
Relocatable symbols

NMI_Handler 000000E0

Symbol: NMI_Handler
   Definitions
      At line 87 in file ..\..\platform\LPC54110_BOARD\los_startup_keil.s
   Uses
      At line 88 in file ..\..\platform\LPC54110_BOARD\los_startup_keil.s
Comment: NMI_Handler used once
PIN_INT0_DriverIRQHandler 0000018E

Symbol: PIN_INT0_DriverIRQHandler
   Definitions
      At line 459 in file ..\..\platform\LPC54110_BOARD\los_startup_keil.s
   Uses
      At line 164 in file ..\..\platform\LPC54110_BOARD\los_startup_keil.s
      At line 418 in file ..\..\platform\LPC54110_BOARD\los_startup_keil.s

PIN_INT0_IRQHandler 000000FE

Symbol: PIN_INT0_IRQHandler
   Definitions
      At line 162 in file ..\..\platform\LPC54110_BOARD\los_startup_keil.s
   Uses
      At line 48 in file ..\..\platform\LPC54110_BOARD\los_startup_keil.s
      At line 163 in file ..\..\platform\LPC54110_BOARD\los_startup_keil.s

PIN_INT1_DriverIRQHandler 0000018E

Symbol: PIN_INT1_DriverIRQHandler
   Definitions
      At line 460 in file ..\..\platform\LPC54110_BOARD\los_startup_keil.s
   Uses
      At line 171 in file ..\..\platform\LPC54110_BOARD\los_startup_keil.s
      At line 419 in file ..\..\platform\LPC54110_BOARD\los_startup_keil.s

PIN_INT1_IRQHandler 00000102

Symbol: PIN_INT1_IRQHandler
   Definitions
      At line 169 in file ..\..\platform\LPC54110_BOARD\los_startup_keil.s
   Uses
      At line 49 in file ..\..\platform\LPC54110_BOARD\los_startup_keil.s
      At line 170 in file ..\..\platform\LPC54110_BOARD\los_startup_keil.s

PIN_INT2_DriverIRQHandler 0000018E

Symbol: PIN_INT2_DriverIRQHandler
   Definitions
      At line 461 in file ..\..\platform\LPC54110_BOARD\los_startup_keil.s
   Uses
      At line 178 in file ..\..\platform\LPC54110_BOARD\los_startup_keil.s
      At line 420 in file ..\..\platform\LPC54110_BOARD\los_startup_keil.s

PIN_INT2_IRQHandler 00000106

Symbol: PIN_INT2_IRQHandler
   Definitions
      At line 176 in file ..\..\platform\LPC54110_BOARD\los_startup_keil.s
   Uses



ARM Macro Assembler    Page 10 Alphabetic symbol ordering
Relocatable symbols

      At line 50 in file ..\..\platform\LPC54110_BOARD\los_startup_keil.s
      At line 177 in file ..\..\platform\LPC54110_BOARD\los_startup_keil.s

PIN_INT3_DriverIRQHandler 0000018E

Symbol: PIN_INT3_DriverIRQHandler
   Definitions
      At line 462 in file ..\..\platform\LPC54110_BOARD\los_startup_keil.s
   Uses
      At line 185 in file ..\..\platform\LPC54110_BOARD\los_startup_keil.s
      At line 421 in file ..\..\platform\LPC54110_BOARD\los_startup_keil.s

PIN_INT3_IRQHandler 0000010A

Symbol: PIN_INT3_IRQHandler
   Definitions
      At line 183 in file ..\..\platform\LPC54110_BOARD\los_startup_keil.s
   Uses
      At line 51 in file ..\..\platform\LPC54110_BOARD\los_startup_keil.s
      At line 184 in file ..\..\platform\LPC54110_BOARD\los_startup_keil.s

PIN_INT4_DriverIRQHandler 0000018E

Symbol: PIN_INT4_DriverIRQHandler
   Definitions
      At line 487 in file ..\..\platform\LPC54110_BOARD\los_startup_keil.s
   Uses
      At line 360 in file ..\..\platform\LPC54110_BOARD\los_startup_keil.s
      At line 446 in file ..\..\platform\LPC54110_BOARD\los_startup_keil.s

PIN_INT4_IRQHandler 0000016E

Symbol: PIN_INT4_IRQHandler
   Definitions
      At line 358 in file ..\..\platform\LPC54110_BOARD\los_startup_keil.s
   Uses
      At line 76 in file ..\..\platform\LPC54110_BOARD\los_startup_keil.s
      At line 359 in file ..\..\platform\LPC54110_BOARD\los_startup_keil.s

PIN_INT5_DriverIRQHandler 0000018E

Symbol: PIN_INT5_DriverIRQHandler
   Definitions
      At line 488 in file ..\..\platform\LPC54110_BOARD\los_startup_keil.s
   Uses
      At line 367 in file ..\..\platform\LPC54110_BOARD\los_startup_keil.s
      At line 447 in file ..\..\platform\LPC54110_BOARD\los_startup_keil.s

PIN_INT5_IRQHandler 00000172

Symbol: PIN_INT5_IRQHandler
   Definitions
      At line 365 in file ..\..\platform\LPC54110_BOARD\los_startup_keil.s
   Uses
      At line 77 in file ..\..\platform\LPC54110_BOARD\los_startup_keil.s
      At line 366 in file ..\..\platform\LPC54110_BOARD\los_startup_keil.s

PIN_INT6_DriverIRQHandler 0000018E




ARM Macro Assembler    Page 11 Alphabetic symbol ordering
Relocatable symbols

Symbol: PIN_INT6_DriverIRQHandler
   Definitions
      At line 489 in file ..\..\platform\LPC54110_BOARD\los_startup_keil.s
   Uses
      At line 374 in file ..\..\platform\LPC54110_BOARD\los_startup_keil.s
      At line 448 in file ..\..\platform\LPC54110_BOARD\los_startup_keil.s

PIN_INT6_IRQHandler 00000176

Symbol: PIN_INT6_IRQHandler
   Definitions
      At line 372 in file ..\..\platform\LPC54110_BOARD\los_startup_keil.s
   Uses
      At line 78 in file ..\..\platform\LPC54110_BOARD\los_startup_keil.s
      At line 373 in file ..\..\platform\LPC54110_BOARD\los_startup_keil.s

PIN_INT7_DriverIRQHandler 0000018E

Symbol: PIN_INT7_DriverIRQHandler
   Definitions
      At line 490 in file ..\..\platform\LPC54110_BOARD\los_startup_keil.s
   Uses
      At line 381 in file ..\..\platform\LPC54110_BOARD\los_startup_keil.s
      At line 449 in file ..\..\platform\LPC54110_BOARD\los_startup_keil.s

PIN_INT7_IRQHandler 0000017A

Symbol: PIN_INT7_IRQHandler
   Definitions
      At line 379 in file ..\..\platform\LPC54110_BOARD\los_startup_keil.s
   Uses
      At line 79 in file ..\..\platform\LPC54110_BOARD\los_startup_keil.s
      At line 380 in file ..\..\platform\LPC54110_BOARD\los_startup_keil.s

RESET 00000000

Symbol: RESET
   Definitions
      At line 15 in file ..\..\platform\LPC54110_BOARD\los_startup_keil.s
   Uses
      None
Comment: RESET unused
RTC_DriverIRQHandler 0000018E

Symbol: RTC_DriverIRQHandler
   Definitions
      At line 484 in file ..\..\platform\LPC54110_BOARD\los_startup_keil.s
   Uses
      At line 339 in file ..\..\platform\LPC54110_BOARD\los_startup_keil.s
      At line 443 in file ..\..\platform\LPC54110_BOARD\los_startup_keil.s

RTC_IRQHandler 00000162

Symbol: RTC_IRQHandler
   Definitions
      At line 337 in file ..\..\platform\LPC54110_BOARD\los_startup_keil.s
   Uses
      At line 73 in file ..\..\platform\LPC54110_BOARD\los_startup_keil.s
      At line 338 in file ..\..\platform\LPC54110_BOARD\los_startup_keil.s



ARM Macro Assembler    Page 12 Alphabetic symbol ordering
Relocatable symbols


Reserved54_DriverIRQHandler 0000018E

Symbol: Reserved54_DriverIRQHandler
   Definitions
      At line 493 in file ..\..\platform\LPC54110_BOARD\los_startup_keil.s
   Uses
      At line 402 in file ..\..\platform\LPC54110_BOARD\los_startup_keil.s
      At line 452 in file ..\..\platform\LPC54110_BOARD\los_startup_keil.s

Reserved54_IRQHandler 00000186

Symbol: Reserved54_IRQHandler
   Definitions
      At line 400 in file ..\..\platform\LPC54110_BOARD\los_startup_keil.s
   Uses
      At line 82 in file ..\..\platform\LPC54110_BOARD\los_startup_keil.s
      At line 401 in file ..\..\platform\LPC54110_BOARD\los_startup_keil.s

Reset_Handler 00000190

Symbol: Reset_Handler
   Definitions
      At line 500 in file ..\..\platform\LPC54110_BOARD\los_startup_keil.s
   Uses
      At line 23 in file ..\..\platform\LPC54110_BOARD\los_startup_keil.s
      At line 27 in file ..\..\platform\LPC54110_BOARD\los_startup_keil.s

SCT0_DriverIRQHandler 0000018E

Symbol: SCT0_DriverIRQHandler
   Definitions
      At line 467 in file ..\..\platform\LPC54110_BOARD\los_startup_keil.s
   Uses
      At line 220 in file ..\..\platform\LPC54110_BOARD\los_startup_keil.s
      At line 426 in file ..\..\platform\LPC54110_BOARD\los_startup_keil.s

SCT0_IRQHandler 0000011E

Symbol: SCT0_IRQHandler
   Definitions
      At line 218 in file ..\..\platform\LPC54110_BOARD\los_startup_keil.s
   Uses
      At line 56 in file ..\..\platform\LPC54110_BOARD\los_startup_keil.s
      At line 219 in file ..\..\platform\LPC54110_BOARD\los_startup_keil.s

SPIFI0_DriverIRQHandler 0000018E

Symbol: SPIFI0_DriverIRQHandler
   Definitions
      At line 494 in file ..\..\platform\LPC54110_BOARD\los_startup_keil.s
   Uses
      At line 409 in file ..\..\platform\LPC54110_BOARD\los_startup_keil.s
      At line 453 in file ..\..\platform\LPC54110_BOARD\los_startup_keil.s

SPIFI0_IRQHandler 0000018A

Symbol: SPIFI0_IRQHandler
   Definitions



ARM Macro Assembler    Page 13 Alphabetic symbol ordering
Relocatable symbols

      At line 407 in file ..\..\platform\LPC54110_BOARD\los_startup_keil.s
   Uses
      At line 83 in file ..\..\platform\LPC54110_BOARD\los_startup_keil.s
      At line 408 in file ..\..\platform\LPC54110_BOARD\los_startup_keil.s

SVC_Handler 000000EA

Symbol: SVC_Handler
   Definitions
      At line 113 in file ..\..\platform\LPC54110_BOARD\los_startup_keil.s
   Uses
      At line 114 in file ..\..\platform\LPC54110_BOARD\los_startup_keil.s
Comment: SVC_Handler used once
USB0_DriverIRQHandler 0000018E

Symbol: USB0_DriverIRQHandler
   Definitions
      At line 483 in file ..\..\platform\LPC54110_BOARD\los_startup_keil.s
   Uses
      At line 332 in file ..\..\platform\LPC54110_BOARD\los_startup_keil.s
      At line 442 in file ..\..\platform\LPC54110_BOARD\los_startup_keil.s

USB0_IRQHandler 0000015E

Symbol: USB0_IRQHandler
   Definitions
      At line 330 in file ..\..\platform\LPC54110_BOARD\los_startup_keil.s
   Uses
      At line 72 in file ..\..\platform\LPC54110_BOARD\los_startup_keil.s
      At line 331 in file ..\..\platform\LPC54110_BOARD\los_startup_keil.s

USB0_NEEDCLK_DriverIRQHandler 0000018E

Symbol: USB0_NEEDCLK_DriverIRQHandler
   Definitions
      At line 482 in file ..\..\platform\LPC54110_BOARD\los_startup_keil.s
   Uses
      At line 325 in file ..\..\platform\LPC54110_BOARD\los_startup_keil.s
      At line 441 in file ..\..\platform\LPC54110_BOARD\los_startup_keil.s

USB0_NEEDCLK_IRQHandler 0000015A

Symbol: USB0_NEEDCLK_IRQHandler
   Definitions
      At line 323 in file ..\..\platform\LPC54110_BOARD\los_startup_keil.s
   Uses
      At line 71 in file ..\..\platform\LPC54110_BOARD\los_startup_keil.s
      At line 324 in file ..\..\platform\LPC54110_BOARD\los_startup_keil.s

UTICK0_DriverIRQHandler 0000018E

Symbol: UTICK0_DriverIRQHandler
   Definitions
      At line 463 in file ..\..\platform\LPC54110_BOARD\los_startup_keil.s
   Uses
      At line 192 in file ..\..\platform\LPC54110_BOARD\los_startup_keil.s
      At line 422 in file ..\..\platform\LPC54110_BOARD\los_startup_keil.s

UTICK0_IRQHandler 0000010E



ARM Macro Assembler    Page 14 Alphabetic symbol ordering
Relocatable symbols


Symbol: UTICK0_IRQHandler
   Definitions
      At line 190 in file ..\..\platform\LPC54110_BOARD\los_startup_keil.s
   Uses
      At line 52 in file ..\..\platform\LPC54110_BOARD\los_startup_keil.s
      At line 191 in file ..\..\platform\LPC54110_BOARD\los_startup_keil.s

UsageFault_Handler 000000E8

Symbol: UsageFault_Handler
   Definitions
      At line 108 in file ..\..\platform\LPC54110_BOARD\los_startup_keil.s
   Uses
      At line 109 in file ..\..\platform\LPC54110_BOARD\los_startup_keil.s
Comment: UsageFault_Handler used once
WDT_BOD_DriverIRQHandler 0000018E

Symbol: WDT_BOD_DriverIRQHandler
   Definitions
      At line 455 in file ..\..\platform\LPC54110_BOARD\los_startup_keil.s
   Uses
      At line 136 in file ..\..\platform\LPC54110_BOARD\los_startup_keil.s
      At line 414 in file ..\..\platform\LPC54110_BOARD\los_startup_keil.s

WDT_BOD_IRQHandler 000000EE

Symbol: WDT_BOD_IRQHandler
   Definitions
      At line 134 in file ..\..\platform\LPC54110_BOARD\los_startup_keil.s
   Uses
      At line 44 in file ..\..\platform\LPC54110_BOARD\los_startup_keil.s
      At line 135 in file ..\..\platform\LPC54110_BOARD\los_startup_keil.s

__Vectors 00000000

Symbol: __Vectors
   Definitions
      At line 25 in file ..\..\platform\LPC54110_BOARD\los_startup_keil.s
   Uses
      At line 22 in file ..\..\platform\LPC54110_BOARD\los_startup_keil.s
Comment: __Vectors used once
91 symbols



ARM Macro Assembler    Page 1 Alphabetic symbol ordering
Absolute symbols

Heap_Size 00000200

Symbol: Heap_Size
   Definitions
      At line 4 in file ..\..\platform\LPC54110_BOARD\los_startup_keil.s
   Uses
      At line 12 in file ..\..\platform\LPC54110_BOARD\los_startup_keil.s
Comment: Heap_Size used once
Stack_Size 00000400

Symbol: Stack_Size
   Definitions
      At line 3 in file ..\..\platform\LPC54110_BOARD\los_startup_keil.s
   Uses
      At line 7 in file ..\..\platform\LPC54110_BOARD\los_startup_keil.s
Comment: Stack_Size used once
2 symbols



ARM Macro Assembler    Page 1 Alphabetic symbol ordering
External symbols

PendSV_Handler 00000000

Symbol: PendSV_Handler
   Definitions
      At line 19 in file ..\..\platform\LPC54110_BOARD\los_startup_keil.s
   Uses
      At line 40 in file ..\..\platform\LPC54110_BOARD\los_startup_keil.s
Comment: PendSV_Handler used once
SysTick_Handler 00000000

Symbol: SysTick_Handler
   Definitions
      At line 20 in file ..\..\platform\LPC54110_BOARD\los_startup_keil.s
   Uses
      At line 41 in file ..\..\platform\LPC54110_BOARD\los_startup_keil.s
Comment: SysTick_Handler used once
__main 00000000

Symbol: __main
   Definitions
      At line 507 in file ..\..\platform\LPC54110_BOARD\los_startup_keil.s
   Uses
      At line 508 in file ..\..\platform\LPC54110_BOARD\los_startup_keil.s
Comment: __main used once
3 symbols
439 symbols in table
